2025-12-14 00:22:39, MOVE, v:1, k:poo@pagamento, mode:PICK
2025-12-14 00:22:39, EXEC, v:1, k:poo@pagamento, mode:LOCK, rate:0, size:53
2025-12-14 00:29:22, EXEC, v:1, k:poo@pagamento, mode:LOCK, rate:0, size:59
2025-12-14 00:36:04, EXEC, v:1, k:poo@pagamento, mode:LOCK, rate:0, size:60
2025-12-14 00:36:22, EXEC, v:1, k:poo@pagamento, mode:LOCK, rate:0, size:60
2025-12-14 00:36:39, EXEC, v:1, k:poo@pagamento, mode:LOCK, rate:0, size:60
2025-12-14 00:37:19, MOVE, v:1, k:poo@pagamento, mode:BACK
2025-12-14 00:54:45, MOVE, v:1, k:poo@pagamento, mode:PICK
2025-12-14 00:54:46, EXEC, v:1, k:poo@pagamento, mode:LOCK, rate:0, size:70
2025-12-14 00:55:30, EXEC, v:1, k:poo@pagamento, mode:LOCK, rate:0, size:70
2025-12-14 00:55:32, MOVE, v:1, k:poo@pagamento, mode:BACK
2025-12-14 00:55:33, MOVE, v:1, k:poo@pagamento, mode:PICK
2025-12-14 00:55:34, EXEC, v:1, k:poo@pagamento, mode:LOCK, rate:0
2025-12-14 00:56:16, EXEC, v:1, k:poo@pagamento, mode:LOCK, rate:0, size:70
2025-12-14 00:56:18, MOVE, v:1, k:poo@pagamento, mode:BACK
2025-12-14 00:56:19, MOVE, v:1, k:poo@pagamento, mode:PICK
2025-12-14 00:56:21, EXEC, v:1, k:poo@pagamento, mode:LOCK, rate:0
2025-12-14 00:56:24, MOVE, v:1, k:poo@pagamento, mode:BACK
2025-12-14 00:57:14, MOVE, v:1, k:poo@pagamento, mode:PICK
2025-12-14 00:57:15, EXEC, v:1, k:poo@pagamento, mode:LOCK, rate:0, size:70
2025-12-14 15:04:17, MOVE, v:1, k:poo@pagamento, mode:PICK
2025-12-14 15:04:18, EXEC, v:1, k:poo@pagamento, mode:LOCK, rate:0
2025-12-14 15:04:19, MOVE, v:1, k:poo@pagamento, mode:BACK
2025-12-14 15:09:35, MOVE, v:1, k:poo@pagamento, mode:PICK
2025-12-14 15:09:36, EXEC, v:1, k:poo@pagamento, mode:LOCK, rate:0, size:72
2025-12-14 15:15:31, EXEC, v:1, k:poo@pagamento, mode:LOCK, rate:0, size:72
2025-12-14 15:15:48, EXEC, v:1, k:poo@pagamento, mode:LOCK, rate:0, size:72
2025-12-14 15:16:16, EXEC, v:1, k:poo@pagamento, mode:LOCK, rate:0, size:72
2025-12-14 15:20:44, EXEC, v:1, k:poo@pagamento, mode:LOCK, rate:0, size:72
2025-12-14 15:20:55, EXEC, v:1, k:poo@pagamento, mode:LOCK, rate:0, size:72
2025-12-14 15:21:16, EXEC, v:1, k:poo@pagamento, mode:LOCK, rate:0, size:73
2025-12-14 15:21:28, EXEC, v:1, k:poo@pagamento, mode:LOCK, rate:0, size:73
2025-12-14 15:22:07, EXEC, v:1, k:poo@pagamento, mode:LOCK, rate:0, size:73
2025-12-14 15:26:05, EXEC, v:1, k:poo@pagamento, mode:LOCK, rate:0, size:73
2025-12-14 15:26:34, EXEC, v:1, k:poo@pagamento, mode:LOCK, rate:0, size:73
2025-12-14 15:27:10, EXEC, v:1, k:poo@pagamento, mode:LOCK, rate:0, size:73
2025-12-14 15:27:45, EXEC, v:1, k:poo@pagamento, mode:LOCK, rate:0, size:73
2025-12-14 15:28:24, EXEC, v:1, k:poo@pagamento, mode:LOCK, rate:0, size:73
2025-12-14 15:36:20, EXEC, v:1, k:poo@pagamento, mode:LOCK, rate:0, size:73
2025-12-14 15:37:19, EXEC, v:1, k:poo@pagamento, mode:LOCK, rate:0, size:71
2025-12-14 15:38:11, EXEC, v:1, k:poo@pagamento, mode:LOCK, rate:0, size:68
2025-12-14 15:40:09, EXEC, v:1, k:poo@pagamento, mode:LOCK, rate:0, size:71
2025-12-14 15:40:58, EXEC, v:1, k:poo@pagamento, mode:LOCK, rate:0, size:77
2025-12-14 15:41:13, EXEC, v:1, k:poo@pagamento, mode:LOCK, rate:0, size:80
2025-12-14 15:41:42, EXEC, v:1, k:poo@pagamento, mode:LOCK, rate:0, size:77
2025-12-14 15:41:57, EXEC, v:1, k:poo@pagamento, mode:LOCK, rate:0, size:77
2025-12-14 15:42:43, EXEC, v:1, k:poo@pagamento, mode:LOCK, rate:0, size:78
2025-12-14 15:42:52, EXEC, v:1, k:poo@pagamento, mode:LOCK, rate:0, size:78
2025-12-14 15:52:27, MOVE, v:1, k:poo@pagamento, mode:BACK
2025-12-14 15:52:34, MOVE, v:1, k:poo@pagamento, mode:PICK
2025-12-14 15:52:35, EXEC, v:1, k:poo@pagamento, mode:LOCK, rate:0
2025-12-14 15:53:47, EXEC, v:1, k:poo@pagamento, mode:LOCK, rate:0
2025-12-14 15:53:59, EXEC, v:1, k:poo@pagamento, mode:LOCK, rate:0, size:77
2025-12-14 15:54:49, EXEC, v:1, k:poo@pagamento, mode:LOCK, rate:0, size:77
2025-12-14 15:54:57, EXEC, v:1, k:poo@pagamento, mode:LOCK, rate:0, size:77
2025-12-14 16:01:24, EXEC, v:1, k:poo@pagamento, mode:LOCK, rate:0, size:83
2025-12-14 16:02:20, EXEC, v:1, k:poo@pagamento, mode:LOCK, rate:0, size:81
2025-12-14 16:02:51, EXEC, v:1, k:poo@pagamento, mode:LOCK, rate:0, size:81
2025-12-14 16:03:00, EXEC, v:1, k:poo@pagamento, mode:LOCK, rate:0, size:81
2025-12-14 16:03:30, MOVE, v:1, k:poo@pagamento, mode:BACK
2025-12-14 16:03:34, MOVE, v:1, k:poo@pagamento, mode:PICK
2025-12-14 16:03:35, EXEC, v:1, k:poo@pagamento, mode:LOCK, rate:0
2025-12-14 16:03:52, EXEC, v:1, k:poo@pagamento, mode:LOCK, rate:0, size:81
2025-12-14 16:03:58, EXEC, v:1, k:poo@pagamento, mode:LOCK, rate:0, size:81
2025-12-14 16:04:59, EXEC, v:1, k:poo@pagamento, mode:LOCK, rate:0, size:72
2025-12-14 16:05:47, EXEC, v:1, k:poo@pagamento, mode:LOCK, rate:0, size:72
2025-12-14 16:06:35, EXEC, v:1, k:poo@pagamento, mode:LOCK, rate:0, size:72
2025-12-14 16:10:54, MOVE, v:1, k:poo@pagamento, mode:BACK
2025-12-14 16:10:58, SELF, v:1, k:poo@pagamento
2025-12-14 16:13:12, MOVE, v:1, k:poo@pagamento, mode:PICK
2025-12-14 16:13:13, EXEC, v:1, k:poo@pagamento, mode:LOCK, rate:0, size:69
2025-12-14 16:15:15, EXEC, v:1, k:poo@pagamento, mode:LOCK, rate:0, size:65
2025-12-14 16:18:01, EXEC, v:1, k:poo@pagamento, mode:LOCK, rate:0, size:66
2025-12-14 16:18:30, EXEC, v:1, k:poo@pagamento, mode:LOCK, rate:0, size:67
2025-12-14 16:18:37, EXEC, v:1, k:poo@pagamento, mode:LOCK, rate:0, size:67
2025-12-14 16:18:57, EXEC, v:1, k:poo@pagamento, mode:LOCK, rate:0, size:68
2025-12-14 16:19:13, EXEC, v:1, k:poo@pagamento, mode:LOCK, rate:0, size:68
2025-12-14 16:26:13, EXEC, v:1, k:poo@pagamento, mode:LOCK, rate:0
2025-12-14 16:26:16, MOVE, v:1, k:poo@pagamento, mode:BACK
2025-12-14 16:26:34, MOVE, v:1, k:poo@pagamento, mode:PICK
2025-12-14 16:26:34, EXEC, v:1, k:poo@pagamento, mode:LOCK, rate:0
2025-12-14 16:27:50, MOVE, v:1, k:poo@pagamento, mode:BACK
2025-12-14 16:29:27, SELF, v:1, k:poo@zoo, rate:100, human:sim, iagen:sim, guide:sim, alone:8, study:180
2025-12-14 16:31:06, SELF, v:1, k:poo@pagamento, rate:100, human:sim, iagen:sim, guide:sim, alone:6, study:360
2025-12-14 16:31:10, MOVE, v:1, k:poo@estacionamento, mode:PICK
2025-12-14 16:31:11, EXEC, v:1, k:poo@estacionamento, mode:FULL, rate:0
2025-12-14 16:33:54, MOVE, v:1, k:poo@estacionamento, mode:BACK
2025-12-14 16:33:56, MOVE, v:1, k:poo@zoo, mode:PICK
2025-12-14 16:33:57, EXEC, v:1, k:poo@zoo, mode:LOCK, rate:0
2025-12-14 16:33:59, MOVE, v:1, k:poo@zoo, mode:BACK
2025-12-14 16:34:00, MOVE, v:1, k:poo@pagamento, mode:PICK
2025-12-14 16:34:01, EXEC, v:1, k:poo@pagamento, mode:LOCK, rate:0, size:68
2025-12-14 16:34:13, EXEC, v:1, k:poo@pagamento, mode:LOCK, rate:0, size:68
2025-12-14 16:37:57, MOVE, v:1, k:poo@estacionamento, mode:PICK
2025-12-14 16:37:58, EXEC, v:1, k:poo@estacionamento, mode:FULL, rate:0
2025-12-14 16:37:59, MOVE, v:1, k:poo@estacionamento, mode:BACK
2025-12-14 16:43:29, MOVE, v:1, k:poo@estacionamento, mode:PICK
2025-12-14 16:43:30, EXEC, v:1, k:poo@estacionamento, mode:FULL, rate:0, size:12
2025-12-14 16:43:32, MOVE, v:1, k:poo@estacionamento, mode:BACK
2025-12-14 16:48:56, MOVE, v:1, k:poo@estacionamento, mode:PICK
2025-12-14 16:48:57, EXEC, v:1, k:poo@estacionamento, mode:FULL, rate:0, size:15
2025-12-14 16:55:14, EXEC, v:1, k:poo@estacionamento, mode:FULL, rate:0, size:36
2025-12-14 16:55:30, EXEC, v:1, k:poo@estacionamento, mode:FULL, rate:0, size:36
2025-12-14 16:55:43, EXEC, v:1, k:poo@estacionamento, mode:FULL, rate:0, size:36
2025-12-14 16:58:48, MOVE, v:1, k:poo@estacionamento, mode:BACK
2025-12-14 17:00:59, MOVE, v:1, k:poo@estacionamento, mode:PICK
2025-12-14 17:00:59, EXEC, v:1, k:poo@estacionamento, mode:FULL, rate:0
2025-12-14 17:03:08, EXEC, v:1, k:poo@estacionamento, mode:FULL, rate:0, size:36
2025-12-14 17:03:34, EXEC, v:1, k:poo@estacionamento, mode:FULL, rate:0, size:36
2025-12-14 17:03:56, EXEC, v:1, k:poo@estacionamento, mode:FULL, rate:0, size:36
2025-12-14 17:16:27, MOVE, v:1, k:poo@estacionamento, mode:BACK
2025-12-14 17:16:28, MOVE, v:1, k:poo@estacionamento, mode:PICK
2025-12-14 17:16:30, EXEC, v:1, k:poo@estacionamento, mode:FULL, rate:0, size:40
2025-12-14 17:16:30, MOVE, v:1, k:poo@estacionamento, mode:BACK
2025-12-14 17:16:31, MOVE, v:1, k:poo@estacionamento, mode:PICK
2025-12-14 17:16:33, EXEC, v:1, k:poo@estacionamento, mode:FULL, rate:0
2025-12-14 17:21:03, EXEC, v:1, k:poo@estacionamento, mode:FULL, rate:0, size:43
2025-12-14 17:26:17, EXEC, v:1, k:poo@estacionamento, mode:FULL, rate:0, size:57
2025-12-14 17:26:20, MOVE, v:1, k:poo@estacionamento, mode:BACK
2025-12-14 17:26:32, MOVE, v:1, k:poo@estacionamento, mode:PICK
2025-12-14 17:26:33, EXEC, v:1, k:poo@estacionamento, mode:FULL, rate:0
2025-12-14 17:26:34, MOVE, v:1, k:poo@estacionamento, mode:BACK
2025-12-14 17:26:42, MOVE, v:1, k:poo@estacionamento, mode:PICK
2025-12-14 17:26:43, EXEC, v:1, k:poo@estacionamento, mode:FULL, rate:0
2025-12-14 17:26:44, MOVE, v:1, k:poo@estacionamento, mode:BACK
2025-12-14 18:04:05, MOVE, v:1, k:poo@estacionamento, mode:PICK
2025-12-14 18:04:07, EXEC, v:1, k:poo@estacionamento, mode:FULL, rate:0
2025-12-14 18:04:08, MOVE, v:1, k:poo@estacionamento, mode:BACK
2025-12-14 18:13:05, MOVE, v:1, k:poo@estacionamento, mode:PICK
2025-12-14 18:13:06, EXEC, v:1, k:poo@estacionamento, mode:FULL, rate:0
2025-12-14 18:13:07, MOVE, v:1, k:poo@estacionamento, mode:BACK
2025-12-14 18:38:52, MOVE, v:1, k:poo@estacionamento, mode:PICK
2025-12-14 18:38:54, EXEC, v:1, k:poo@estacionamento, mode:FULL, rate:0, size:58
2025-12-14 18:38:56, MOVE, v:1, k:poo@estacionamento, mode:BACK
2025-12-14 18:39:17, MOVE, v:1, k:poo@estacionamento, mode:PICK
2025-12-14 18:39:19, EXEC, v:1, k:poo@estacionamento, mode:FULL, rate:0
2025-12-14 18:39:21, MOVE, v:1, k:poo@estacionamento, mode:BACK
2025-12-14 18:39:22, MOVE, v:1, k:poo@estacionamento, mode:PICK
2025-12-14 18:39:23, EXEC, v:1, k:poo@estacionamento, mode:FULL, rate:0
2025-12-14 21:01:22, EXEC, v:1, k:poo@estacionamento, mode:FULL, rate:0
2025-12-14 21:01:23, MOVE, v:1, k:poo@estacionamento, mode:BACK
2025-12-14 21:01:24, MOVE, v:1, k:poo@estacionamento, mode:PICK
2025-12-14 21:01:26, EXEC, v:1, k:poo@estacionamento, mode:FULL, rate:0
2025-12-14 21:01:26, MOVE, v:1, k:poo@estacionamento, mode:BACK
2025-12-14 21:01:39, MOVE, v:1, k:poo@estacionamento, mode:PICK
2025-12-14 21:01:40, MOVE, v:1, k:poo@estacionamento, mode:BACK
2025-12-14 21:03:27, MOVE, v:1, k:poo@estacionamento, mode:PICK
2025-12-14 21:03:29, EXEC, v:1, k:poo@estacionamento, mode:FULL, rate:0
2025-12-14 21:03:30, MOVE, v:1, k:poo@estacionamento, mode:BACK
2025-12-14 21:10:02, MOVE, v:1, k:poo@estacionamento, mode:PICK
2025-12-14 21:10:04, EXEC, v:1, k:poo@estacionamento, mode:FULL, rate:0
2025-12-14 21:10:04, MOVE, v:1, k:poo@estacionamento, mode:BACK
2025-12-14 21:10:06, MOVE, v:1, k:poo@estacionamento, mode:PICK
2025-12-14 21:10:08, EXEC, v:1, k:poo@estacionamento, mode:FULL, rate:0
2025-12-14 21:10:09, MOVE, v:1, k:poo@estacionamento, mode:BACK
2025-12-14 21:20:12, MOVE, v:1, k:poo@estacionamento, mode:PICK
2025-12-14 21:20:13, MOVE, v:1, k:poo@estacionamento, mode:BACK
2025-12-14 21:20:14, MOVE, v:1, k:poo@estacionamento, mode:PICK
2025-12-14 21:20:15, MOVE, v:1, k:poo@estacionamento, mode:BACK
2025-12-14 21:20:18, MOVE, v:1, k:poo@estacionamento, mode:PICK
2025-12-14 21:20:20, EXEC, v:1, k:poo@estacionamento, mode:FULL, rate:0, size:62
2025-12-14 21:20:20, MOVE, v:1, k:poo@estacionamento, mode:BACK
2025-12-14 21:24:11, MOVE, v:1, k:poo@estacionamento, mode:PICK
2025-12-14 21:24:13, EXEC, v:1, k:poo@estacionamento, mode:FULL, rate:0
2025-12-14 21:24:14, MOVE, v:1, k:poo@estacionamento, mode:BACK
2025-12-14 21:34:40, MOVE, v:1, k:poo@estacionamento, mode:PICK
2025-12-14 21:34:41, EXEC, v:1, k:poo@estacionamento, mode:FULL, rate:0, size:63
2025-12-14 21:34:42, MOVE, v:1, k:poo@estacionamento, mode:BACK
2025-12-14 21:41:32, MOVE, v:1, k:poo@estacionamento, mode:PICK
2025-12-14 21:41:33, EXEC, v:1, k:poo@estacionamento, mode:FULL, rate:0, size:63
2025-12-14 21:41:34, MOVE, v:1, k:poo@estacionamento, mode:BACK
2025-12-14 21:42:25, MOVE, v:1, k:poo@estacionamento, mode:PICK
2025-12-14 21:42:27, EXEC, v:1, k:poo@estacionamento, mode:FULL, rate:0
2025-12-14 21:47:09, EXEC, v:1, k:poo@estacionamento, mode:FULL, rate:0, size:67
2025-12-14 21:49:39, EXEC, v:1, k:poo@estacionamento, mode:FULL, rate:0, size:73
2025-12-14 21:50:07, EXEC, v:1, k:poo@estacionamento, mode:FULL, rate:0, size:73
2025-12-14 21:51:48, EXEC, v:1, k:poo@estacionamento, mode:FULL, rate:0, size:73
2025-12-14 21:56:28, EXEC, v:1, k:poo@estacionamento, mode:FULL, rate:0, size:81
2025-12-14 21:57:29, EXEC, v:1, k:poo@estacionamento, mode:FULL, rate:0, size:82
2025-12-14 21:57:42, EXEC, v:1, k:poo@estacionamento, mode:FULL, rate:0, size:82
2025-12-14 21:58:59, EXEC, v:1, k:poo@estacionamento, mode:FULL, rate:0
2025-12-14 21:58:59, MOVE, v:1, k:poo@estacionamento, mode:BACK
2025-12-14 21:59:14, MOVE, v:1, k:poo@estacionamento, mode:PICK
2025-12-14 21:59:16, EXEC, v:1, k:poo@estacionamento, mode:FULL, rate:0
2025-12-14 22:08:16, EXEC, v:1, k:poo@estacionamento, mode:FULL, rate:0
2025-12-14 22:08:16, MOVE, v:1, k:poo@estacionamento, mode:BACK
2025-12-14 22:09:13, MOVE, v:1, k:poo@estacionamento, mode:PICK
2025-12-14 22:09:15, EXEC, v:1, k:poo@estacionamento, mode:FULL, rate:0
2025-12-14 22:11:40, EXEC, v:1, k:poo@estacionamento, mode:FULL, rate:25, size:82
2025-12-14 22:17:43, MOVE, v:1, k:poo@estacionamento, mode:BACK
2025-12-14 22:17:47, MOVE, v:1, k:poo@estacionamento, mode:PICK
2025-12-14 22:17:47, EXEC, v:1, k:poo@estacionamento, mode:FULL, rate:0, size:83
2025-12-14 22:18:45, EXEC, v:1, k:poo@estacionamento, mode:FULL, rate:50, size:84
2025-12-14 22:19:09, MOVE, v:1, k:poo@estacionamento, mode:BACK
2025-12-14 22:26:58, MOVE, v:1, k:poo@estacionamento, mode:PICK
2025-12-14 22:26:59, EXEC, v:1, k:poo@estacionamento, mode:FULL, rate:50
2025-12-14 22:27:39, MOVE, v:1, k:poo@estacionamento, mode:BACK
2025-12-14 22:28:00, MOVE, v:1, k:poo@estacionamento, mode:PICK
2025-12-14 22:28:02, EXEC, v:1, k:poo@estacionamento, mode:FULL, rate:50
2025-12-14 22:44:07, MOVE, v:1, k:poo@estacionamento, mode:PICK
2025-12-14 22:44:09, EXEC, v:1, k:poo@estacionamento, mode:FULL, rate:50
2025-12-14 22:44:10, MOVE, v:1, k:poo@estacionamento, mode:BACK
2025-12-14 22:47:12, MOVE, v:1, k:poo@estacionamento, mode:PICK
2025-12-14 22:47:14, EXEC, v:1, k:poo@estacionamento, mode:FULL, rate:50
2025-12-14 22:47:16, MOVE, v:1, k:poo@estacionamento, mode:BACK
2025-12-14 22:47:43, MOVE, v:1, k:poo@estacionamento, mode:PICK
2025-12-14 22:47:45, EXEC, v:1, k:poo@estacionamento, mode:FULL, rate:50
2025-12-14 22:48:54, EXEC, v:1, k:poo@estacionamento, mode:FULL, rate:50, size:84
2025-12-14 22:50:25, EXEC, v:1, k:poo@estacionamento, mode:FULL, rate:50
2025-12-14 22:50:26, MOVE, v:1, k:poo@estacionamento, mode:BACK
2025-12-14 22:57:54, MOVE, v:1, k:poo@estacionamento, mode:PICK
2025-12-14 22:57:55, EXEC, v:1, k:poo@estacionamento, mode:FULL, rate:75, size:86
2025-12-14 22:59:29, MOVE, v:1, k:poo@estacionamento, mode:BACK
2025-12-14 22:59:31, MOVE, v:1, k:poo@estacionamento, mode:PICK
2025-12-14 23:02:53, EXEC, v:1, k:poo@estacionamento, mode:FULL, rate:75, size:89
2025-12-14 23:16:45, EXEC, v:1, k:poo@estacionamento, mode:FULL, rate:75, size:101
2025-12-14 23:16:47, MOVE, v:1, k:poo@estacionamento, mode:BACK
2025-12-14 23:21:02, MOVE, v:1, k:poo@estacionamento, mode:PICK
2025-12-14 23:21:04, EXEC, v:1, k:poo@estacionamento, mode:FULL, rate:75, size:108
2025-12-14 23:24:15, EXEC, v:1, k:poo@estacionamento, mode:FULL, rate:75, size:117
2025-12-14 23:28:16, EXEC, v:1, k:poo@estacionamento, mode:FULL, rate:75, size:117
2025-12-14 23:28:39, EXEC, v:1, k:poo@estacionamento, mode:FULL, rate:75, size:117
2025-12-14 23:29:21, EXEC, v:1, k:poo@estacionamento, mode:FULL, rate:100, size:117
2025-12-14 23:29:28, MOVE, v:1, k:poo@estacionamento, mode:BACK
2025-12-14 23:29:40, MOVE, v:1, k:poo@estacionamento, mode:PICK
2025-12-14 23:29:41, EXEC, v:1, k:poo@estacionamento, mode:FULL, rate:100
2025-12-14 23:30:34, MOVE, v:1, k:poo@estacionamento, mode:BACK
2025-12-14 23:32:39, SELF, v:1, k:poo@estacionamento, rate:100, human:sim, iagen:sim, alone:5, study:360
2025-12-14 23:34:11, MOVE, v:1, k:poo@estacionamento, mode:PICK
2025-12-14 23:34:12, EXEC, v:1, k:poo@estacionamento, mode:FULL, rate:100
2025-12-14 23:34:13, MOVE, v:1, k:poo@estacionamento, mode:BACK
2025-12-14 23:34:24, MOVE, v:1, k:poo@estacionamento, mode:PICK
2025-12-14 23:34:26, EXEC, v:1, k:poo@estacionamento, mode:FULL, rate:50, size:112
2025-12-14 23:34:30, MOVE, v:1, k:poo@estacionamento, mode:BACK
2025-12-14 23:34:49, MOVE, v:1, k:poo@estacionamento, mode:PICK
2025-12-14 23:34:50, EXEC, v:1, k:poo@estacionamento, mode:FULL, rate:100, size:117
2025-12-14 23:34:56, MOVE, v:1, k:poo@estacionamento, mode:BACK
2025-12-14 23:35:00, MOVE, v:1, k:poo@estacionamento, mode:PICK
2025-12-14 23:35:02, EXEC, v:1, k:poo@estacionamento, mode:FULL, rate:100
2025-12-14 23:35:02, MOVE, v:1, k:poo@estacionamento, mode:BACK
2025-12-14 23:35:03, MOVE, v:1, k:poo@estacionamento, mode:PICK
2025-12-14 23:35:05, EXEC, v:1, k:poo@estacionamento, mode:FULL, rate:100
2025-12-14 23:35:05, MOVE, v:1, k:poo@estacionamento, mode:BACK
