2025-12-21 23:05:55, MOVE, v:1, k:poo@estacionamento, mode:PICK
2025-12-21 23:05:57, EXEC, v:1, k:poo@estacionamento, mode:FULL, rate:100
2025-12-21 23:05:58, MOVE, v:1, k:poo@estacionamento, mode:BACK
2025-12-21 23:10:38, MOVE, v:1, k:poo@estacionamento, mode:PICK
2025-12-21 23:10:39, EXEC, v:1, k:poo@estacionamento, mode:FULL, rate:100
2025-12-21 23:10:40, MOVE, v:1, k:poo@estacionamento, mode:BACK
2025-12-21 23:11:15, MOVE, v:1, k:poo@shapes, mode:DOWN
2025-12-21 23:11:16, MOVE, v:1, k:poo@shapes, mode:PICK
2025-12-21 23:11:18, EXEC, v:1, k:poo@shapes, mode:FULL, rate:0, size:0
2025-12-21 23:12:31, EXEC, v:1, k:poo@shapes, mode:FULL, rate:0
2025-12-21 23:12:31, MOVE, v:1, k:poo@shapes, mode:BACK
2025-12-21 23:12:33, MOVE, v:1, k:poo@estacionamento, mode:PICK
2025-12-21 23:12:34, EXEC, v:1, k:poo@estacionamento, mode:FULL, rate:100, size:117
2025-12-21 23:12:37, MOVE, v:1, k:poo@estacionamento, mode:BACK
2025-12-21 23:12:56, MOVE, v:1, k:poo@estacionamento, mode:PICK
2025-12-21 23:12:57, EXEC, v:1, k:poo@estacionamento, mode:FULL, rate:100, size:114
2025-12-21 23:12:58, MOVE, v:1, k:poo@estacionamento, mode:BACK
2025-12-21 23:13:10, MOVE, v:1, k:poo@estacionamento, mode:PICK
2025-12-21 23:13:12, EXEC, v:1, k:poo@estacionamento, mode:FULL, rate:100, size:114
2025-12-21 23:13:24, EXEC, v:1, k:poo@estacionamento, mode:FULL, rate:0, size:114
2025-12-21 23:13:25, EXEC, v:1, k:poo@estacionamento, mode:FULL, rate:0
2025-12-21 23:13:30, EXEC, v:1, k:poo@estacionamento, mode:FULL, rate:100, size:114
2025-12-21 23:13:36, EXEC, v:1, k:poo@estacionamento, mode:FULL, rate:100, size:110
2025-12-21 23:18:02, EXEC, v:1, k:poo@estacionamento, mode:FULL, rate:0, size:110
2025-12-21 23:18:14, EXEC, v:1, k:poo@estacionamento, mode:FULL, rate:0
2025-12-21 23:18:21, EXEC, v:1, k:poo@estacionamento, mode:FULL, rate:0, size:114
2025-12-21 23:18:23, EXEC, v:1, k:poo@estacionamento, mode:FULL, rate:0
2025-12-21 23:18:33, EXEC, v:1, k:poo@estacionamento, mode:FULL, rate:100, size:114
2025-12-21 23:18:35, MOVE, v:1, k:poo@estacionamento, mode:BACK
2025-12-21 23:21:57, MOVE, v:1, k:poo@estacionamento, mode:PICK
2025-12-21 23:21:59, EXEC, v:1, k:poo@estacionamento, mode:FULL, rate:50, size:110
2025-12-21 23:22:09, MOVE, v:1, k:poo@estacionamento, mode:BACK
2025-12-21 23:22:14, MOVE, v:1, k:poo@estacionamento, mode:PICK
2025-12-21 23:22:15, EXEC, v:1, k:poo@estacionamento, mode:FULL, rate:50
2025-12-21 23:22:29, EXEC, v:1, k:poo@estacionamento, mode:FULL, rate:50, size:117
2025-12-21 23:22:29, MOVE, v:1, k:poo@estacionamento, mode:BACK
2025-12-21 23:22:52, MOVE, v:1, k:poo@estacionamento, mode:PICK
2025-12-21 23:22:53, EXEC, v:1, k:poo@estacionamento, mode:FULL, rate:25, size:111
2025-12-21 23:23:15, EXEC, v:1, k:poo@estacionamento, mode:FULL, rate:0, size:111
2025-12-21 23:23:20, EXEC, v:1, k:poo@estacionamento, mode:FULL, rate:75, size:114
2025-12-21 23:23:20, MOVE, v:1, k:poo@estacionamento, mode:BACK
2025-12-21 23:23:30, MOVE, v:1, k:poo@estacionamento, mode:PICK
2025-12-21 23:23:32, EXEC, v:1, k:poo@estacionamento, mode:FULL, rate:75
2025-12-21 23:23:42, EXEC, v:1, k:poo@estacionamento, mode:FULL, rate:100, size:114
2025-12-21 23:23:43, EXEC, v:1, k:poo@estacionamento, mode:FULL, rate:100
2025-12-21 23:24:03, MOVE, v:1, k:poo@estacionamento, mode:PICK
2025-12-21 23:24:05, EXEC, v:1, k:poo@estacionamento, mode:FULL, rate:100
2025-12-21 23:24:05, MOVE, v:1, k:poo@estacionamento, mode:BACK
2025-12-21 23:24:10, MOVE, v:1, k:poo@zoo, mode:PICK
2025-12-21 23:24:11, EXEC, v:1, k:poo@zoo, mode:LOCK, rate:0
2025-12-21 23:24:12, MOVE, v:1, k:poo@zoo, mode:BACK
2025-12-21 23:24:13, MOVE, v:1, k:poo@pagamento, mode:PICK
2025-12-21 23:24:14, EXEC, v:1, k:poo@pagamento, mode:LOCK, rate:0
2025-12-21 23:24:14, MOVE, v:1, k:poo@pagamento, mode:BACK
2025-12-21 23:24:15, MOVE, v:1, k:poo@zoo, mode:PICK
2025-12-21 23:24:16, EXEC, v:1, k:poo@zoo, mode:LOCK, rate:0
2025-12-21 23:24:22, MOVE, v:1, k:poo@zoo, mode:BACK
2025-12-21 23:24:23, MOVE, v:1, k:poo@pagamento, mode:PICK
2025-12-21 23:24:24, EXEC, v:1, k:poo@pagamento, mode:LOCK, rate:0
2025-12-21 23:24:39, MOVE, v:1, k:poo@pagamento, mode:BACK
2025-12-21 23:31:41, MOVE, v:1, k:poo@estacionamento, mode:PICK
2025-12-21 23:31:43, EXEC, v:1, k:poo@estacionamento, mode:FULL, rate:100
2025-12-21 23:31:43, MOVE, v:1, k:poo@estacionamento, mode:BACK
2025-12-21 23:33:11, MOVE, v:1, k:poo@estacionamento, mode:PICK
2025-12-21 23:33:12, EXEC, v:1, k:poo@estacionamento, mode:FULL, rate:100
2025-12-21 23:33:13, MOVE, v:1, k:poo@estacionamento, mode:BACK
2025-12-21 23:33:32, MOVE, v:1, k:poo@estacionamento, mode:PICK
2025-12-21 23:33:33, EXEC, v:1, k:poo@estacionamento, mode:FULL, rate:50, size:110
2025-12-21 23:33:34, MOVE, v:1, k:poo@estacionamento, mode:BACK
2025-12-21 23:33:36, MOVE, v:1, k:poo@estacionamento, mode:PICK
2025-12-21 23:33:37, EXEC, v:1, k:poo@estacionamento, mode:FULL, rate:50
2025-12-21 23:33:37, MOVE, v:1, k:poo@estacionamento, mode:BACK
2025-12-21 23:33:43, MOVE, v:1, k:poo@estacionamento, mode:PICK
2025-12-21 23:33:44, EXEC, v:1, k:poo@estacionamento, mode:FULL, rate:25, size:111
2025-12-21 23:33:45, MOVE, v:1, k:poo@estacionamento, mode:BACK
2025-12-21 23:33:45, MOVE, v:1, k:poo@estacionamento, mode:PICK
2025-12-21 23:33:47, EXEC, v:1, k:poo@estacionamento, mode:FULL, rate:25
2025-12-21 23:33:47, MOVE, v:1, k:poo@estacionamento, mode:BACK
2025-12-21 23:33:55, MOVE, v:1, k:poo@estacionamento, mode:PICK
2025-12-21 23:33:56, EXEC, v:1, k:poo@estacionamento, mode:FULL, rate:0, size:106
2025-12-21 23:33:57, MOVE, v:1, k:poo@estacionamento, mode:BACK
2025-12-21 23:34:02, MOVE, v:1, k:poo@estacionamento, mode:PICK
2025-12-21 23:34:04, EXEC, v:1, k:poo@estacionamento, mode:FULL, rate:100, size:114
2025-12-21 23:34:06, MOVE, v:1, k:poo@estacionamento, mode:BACK
